-------------------------------------------------------------------------------
Test set: mflix.api.daos.PagingTest
-------------------------------------------------------------------------------
Tests run: 4, Failures: 1, Errors: 0, Skipped: 0, Time elapsed: 3.678 s <<< FAILURE! - in mflix.api.daos.PagingTest
testPagingByGenre(mflix.api.daos.PagingTest)  Time elapsed: 2.653 s  <<< FAILURE!
java.lang.AssertionError: Check the query used in () in MoviesDao.java expected:<20> but was:<999>
	at mflix.api.daos.PagingTest.testPagingByGenre(PagingTest.java:92)

