<?xml version="1.0" encoding="UTF-8"?>
<testsuite xmlns:xsi="http://www.w3.org/2001/XMLSchema-instance" xsi:noNamespaceSchemaLocation="https://maven.apache.org/surefire/maven-surefire-plugin/xsd/surefire-test-report.xsd" name="mflix.api.daos.MigrationTest" time="3.87" tests="2" errors="0" skipped="0" failures="2">
  <properties>
[...]
</properties>
  <testcase name="testAllDocumentsIMDBRatingNumber" classname="mflix.api.daos.MigrationTest" time="1.396">
    <failure message="Should not find documents where `imdb.rating` is of not of `number` type expected:&lt;0&gt; but was:&lt;61&gt;" type="java.lang.AssertionError"><![CDATA[java.lang.AssertionError: Should not find documents where `imdb.rating` is of not of `number` type expected:<0> but was:<61>
	at mflix.api.daos.MigrationTest.testAllDocumentsIMDBRatingNumber(MigrationTest.java:42)
]]></failure>
    <system-out><![CDATA[2019-12-11 22:40:10.385  INFO 7784 --- [           main] org.mongodb.driver.cluster               : Cluster created with settings {hosts=[cluster0-shard-00-00-scezc.mongodb.net:27017, cluster0-shard-00-01-scezc.mongodb.net:27017, cluster0-shard-00-02-scezc.mongodb.net:27017], mode=MULTIPLE, requiredClusterType=REPLICA_SET, serverSelectionTimeout='30000 ms', maxWaitQueueSize=500, requiredReplicaSetName='Cluster0-shard-0'}
2019-12-11 22:40:10.385  INFO 7784 --- [           main] org.mongodb.driver.cluster               : Adding discovered server cluster0-shard-00-00-scezc.mongodb.net:27017 to client view of cluster
2019-12-11 22:40:10.387  INFO 7784 --- [           main] org.mongodb.driver.cluster               : Adding discovered server cluster0-shard-00-01-scezc.mongodb.net:27017 to client view of cluster
2019-12-11 22:40:10.388  INFO 7784 --- [           main] org.mongodb.driver.cluster               : Adding discovered server cluster0-shard-00-02-scezc.mongodb.net:27017 to client view of cluster
2019-12-11 22:40:10.393  INFO 7784 --- [           main] org.mongodb.driver.cluster               : No server chosen by com.mongodb.client.internal.MongoClientDelegate$1@265a094b from cluster description ClusterDescription{type=REPLICA_SET, connectionMode=MULTIPLE, serverDescriptions=[ServerDescription{address=cluster0-shard-00-01-scezc.mongodb.net:27017, type=UNKNOWN, state=CONNECTING}, ServerDescription{address=cluster0-shard-00-02-scezc.mongodb.net:27017, type=UNKNOWN, state=CONNECTING}, ServerDescription{address=cluster0-shard-00-00-scezc.mongodb.net:27017, type=UNKNOWN, state=CONNECTING}]}. Waiting for 30000 ms before timing out
2019-12-11 22:40:10.878  INFO 7784 --- [ngodb.net:27017] org.mongodb.driver.connection            : Opened connection [connectionId{localValue:13, serverValue:788310}] to cluster0-shard-00-00-scezc.mongodb.net:27017
2019-12-11 22:40:10.878  INFO 7784 --- [ngodb.net:27017] org.mongodb.driver.connection            : Opened connection [connectionId{localValue:14, serverValue:182293}] to cluster0-shard-00-01-scezc.mongodb.net:27017
2019-12-11 22:40:10.879  INFO 7784 --- [ngodb.net:27017] org.mongodb.driver.connection            : Opened connection [connectionId{localValue:15, serverValue:173586}] to cluster0-shard-00-02-scezc.mongodb.net:27017
2019-12-11 22:40:10.976  INFO 7784 --- [ngodb.net:27017] org.mongodb.driver.cluster               : Monitor thread successfully connected to server with description ServerDescription{address=cluster0-shard-00-01-scezc.mongodb.net:27017, type=REPLICA_SET_SECONDARY, state=CONNECTED, ok=true, version=ServerVersion{versionList=[4, 0, 13]}, minWireVersion=0, maxWireVersion=7, maxDocumentSize=16777216, logicalSessionTimeoutMinutes=30, roundTripTimeNanos=96888800, setName='Cluster0-shard-0', canonicalAddress=cluster0-shard-00-01-scezc.mongodb.net:27017, hosts=[cluster0-shard-00-02-scezc.mongodb.net:27017, cluster0-shard-00-01-scezc.mongodb.net:27017, cluster0-shard-00-00-scezc.mongodb.net:27017], passives=[], arbiters=[], primary='cluster0-shard-00-00-scezc.mongodb.net:27017', tagSet=TagSet{[Tag{name='region', value='EU_WEST_1'}, Tag{name='provider', value='AWS'}, Tag{name='nodeType', value='ELECTABLE'}]}, electionId=null, setVersion=1, lastWriteDate=Wed Dec 11 22:40:10 CET 2019, lastUpdateTimeNanos=4103437994400}
2019-12-11 22:40:10.977  INFO 7784 --- [           main] org.mongodb.driver.cluster               : No server chosen by ReadPreferenceServerSelector{readPreference=primary} from cluster description ClusterDescription{type=REPLICA_SET, connectionMode=MULTIPLE, serverDescriptions=[ServerDescription{address=cluster0-shard-00-01-scezc.mongodb.net:27017, type=REPLICA_SET_SECONDARY, state=CONNECTED, ok=true, version=ServerVersion{versionList=[4, 0, 13]}, minWireVersion=0, maxWireVersion=7, maxDocumentSize=16777216, logicalSessionTimeoutMinutes=30, roundTripTimeNanos=96888800, setName='Cluster0-shard-0', canonicalAddress=cluster0-shard-00-01-scezc.mongodb.net:27017, hosts=[cluster0-shard-00-02-scezc.mongodb.net:27017, cluster0-shard-00-01-scezc.mongodb.net:27017, cluster0-shard-00-00-scezc.mongodb.net:27017], passives=[], arbiters=[], primary='cluster0-shard-00-00-scezc.mongodb.net:27017', tagSet=TagSet{[Tag{name='region', value='EU_WEST_1'}, Tag{name='provider', value='AWS'}, Tag{name='nodeType', value='ELECTABLE'}]}, electionId=null, setVersion=1, lastWriteDate=Wed Dec 11 22:40:10 CET 2019, lastUpdateTimeNanos=4103437994400}, ServerDescription{address=cluster0-shard-00-02-scezc.mongodb.net:27017, type=UNKNOWN, state=CONNECTING}, ServerDescription{address=cluster0-shard-00-00-scezc.mongodb.net:27017, type=UNKNOWN, state=CONNECTING}]}. Waiting for 30000 ms before timing out
2019-12-11 22:40:10.982  INFO 7784 --- [ngodb.net:27017] org.mongodb.driver.cluster               : Monitor thread successfully connected to server with description ServerDescription{address=cluster0-shard-00-02-scezc.mongodb.net:27017, type=REPLICA_SET_SECONDARY, state=CONNECTED, ok=true, version=ServerVersion{versionList=[4, 0, 13]}, minWireVersion=0, maxWireVersion=7, maxDocumentSize=16777216, logicalSessionTimeoutMinutes=30, roundTripTimeNanos=101769600, setName='Cluster0-shard-0', canonicalAddress=cluster0-shard-00-02-scezc.mongodb.net:27017, hosts=[cluster0-shard-00-02-scezc.mongodb.net:27017, cluster0-shard-00-01-scezc.mongodb.net:27017, cluster0-shard-00-00-scezc.mongodb.net:27017], passives=[], arbiters=[], primary='cluster0-shard-00-00-scezc.mongodb.net:27017', tagSet=TagSet{[Tag{name='region', value='EU_WEST_1'}, Tag{name='provider', value='AWS'}, Tag{name='nodeType', value='ELECTABLE'}]}, electionId=null, setVersion=1, lastWriteDate=Wed Dec 11 22:40:10 CET 2019, lastUpdateTimeNanos=4103443948100}
2019-12-11 22:40:10.992  INFO 7784 --- [ngodb.net:27017] org.mongodb.driver.cluster               : Monitor thread successfully connected to server with description ServerDescription{address=cluster0-shard-00-00-scezc.mongodb.net:27017, type=REPLICA_SET_PRIMARY, state=CONNECTED, ok=true, version=ServerVersion{versionList=[4, 0, 13]}, minWireVersion=0, maxWireVersion=7, maxDocumentSize=16777216, logicalSessionTimeoutMinutes=30, roundTripTimeNanos=112934500, setName='Cluster0-shard-0', canonicalAddress=cluster0-shard-00-00-scezc.mongodb.net:27017, hosts=[cluster0-shard-00-02-scezc.mongodb.net:27017, cluster0-shard-00-01-scezc.mongodb.net:27017, cluster0-shard-00-00-scezc.mongodb.net:27017], passives=[], arbiters=[], primary='cluster0-shard-00-00-scezc.mongodb.net:27017', tagSet=TagSet{[Tag{name='region', value='EU_WEST_1'}, Tag{name='provider', value='AWS'}, Tag{name='nodeType', value='ELECTABLE'}]}, electionId=7fffffff0000000000000001, setVersion=1, lastWriteDate=Wed Dec 11 22:40:10 CET 2019, lastUpdateTimeNanos=4103454008300}
2019-12-11 22:40:10.992  INFO 7784 --- [ngodb.net:27017] org.mongodb.driver.cluster               : Setting max election id to 7fffffff0000000000000001 from replica set primary cluster0-shard-00-00-scezc.mongodb.net:27017
2019-12-11 22:40:10.992  INFO 7784 --- [ngodb.net:27017] org.mongodb.driver.cluster               : Setting max set version to 1 from replica set primary cluster0-shard-00-00-scezc.mongodb.net:27017
2019-12-11 22:40:10.993  INFO 7784 --- [ngodb.net:27017] org.mongodb.driver.cluster               : Discovered replica set primary cluster0-shard-00-00-scezc.mongodb.net:27017
2019-12-11 22:40:11.833  INFO 7784 --- [           main] org.mongodb.driver.connection            : Opened connection [connectionId{localValue:16, serverValue:827690}] to cluster0-shard-00-00-scezc.mongodb.net:27017
]]></system-out>
  </testcase>
  <testcase name="testAllDocumentsUpdateDateIsDateType" classname="mflix.api.daos.MigrationTest" time="2.473">
    <failure message="Should not find documents where `lastupdated` is of `string` type expected:&lt;0&gt; but was:&lt;23539&gt;" type="java.lang.AssertionError"><![CDATA[java.lang.AssertionError: Should not find documents where `lastupdated` is of `string` type expected:<0> but was:<23539>
	at mflix.api.daos.MigrationTest.testAllDocumentsUpdateDateIsDateType(MigrationTest.java:31)
]]></failure>
    <system-out><![CDATA[2019-12-11 22:40:11.953  INFO 7784 --- [           main] org.mongodb.driver.cluster               : Cluster created with settings {hosts=[cluster0-shard-00-00-scezc.mongodb.net:27017, cluster0-shard-00-01-scezc.mongodb.net:27017, cluster0-shard-00-02-scezc.mongodb.net:27017], mode=MULTIPLE, requiredClusterType=REPLICA_SET, serverSelectionTimeout='30000 ms', maxWaitQueueSize=500, requiredReplicaSetName='Cluster0-shard-0'}
2019-12-11 22:40:11.954  INFO 7784 --- [           main] org.mongodb.driver.cluster               : Adding discovered server cluster0-shard-00-00-scezc.mongodb.net:27017 to client view of cluster
2019-12-11 22:40:11.955  INFO 7784 --- [           main] org.mongodb.driver.cluster               : Adding discovered server cluster0-shard-00-01-scezc.mongodb.net:27017 to client view of cluster
2019-12-11 22:40:11.956  INFO 7784 --- [           main] org.mongodb.driver.cluster               : Adding discovered server cluster0-shard-00-02-scezc.mongodb.net:27017 to client view of cluster
2019-12-11 22:40:11.958  INFO 7784 --- [           main] org.mongodb.driver.cluster               : No server chosen by com.mongodb.client.internal.MongoClientDelegate$1@22a260ff from cluster description ClusterDescription{type=REPLICA_SET, connectionMode=MULTIPLE, serverDescriptions=[ServerDescription{address=cluster0-shard-00-01-scezc.mongodb.net:27017, type=UNKNOWN, state=CONNECTING}, ServerDescription{address=cluster0-shard-00-02-scezc.mongodb.net:27017, type=UNKNOWN, state=CONNECTING}, ServerDescription{address=cluster0-shard-00-00-scezc.mongodb.net:27017, type=UNKNOWN, state=CONNECTING}]}. Waiting for 30000 ms before timing out
2019-12-11 22:40:12.637  INFO 7784 --- [ngodb.net:27017] org.mongodb.driver.connection            : Opened connection [connectionId{localValue:19, serverValue:182293}] to cluster0-shard-00-01-scezc.mongodb.net:27017
2019-12-11 22:40:12.648  INFO 7784 --- [ngodb.net:27017] org.mongodb.driver.connection            : Opened connection [connectionId{localValue:18, serverValue:173443}] to cluster0-shard-00-02-scezc.mongodb.net:27017
2019-12-11 22:40:12.665  INFO 7784 --- [ngodb.net:27017] org.mongodb.driver.connection            : Opened connection [connectionId{localValue:17, serverValue:827690}] to cluster0-shard-00-00-scezc.mongodb.net:27017
2019-12-11 22:40:12.988  INFO 7784 --- [ngodb.net:27017] org.mongodb.driver.cluster               : Monitor thread successfully connected to server with description ServerDescription{address=cluster0-shard-00-01-scezc.mongodb.net:27017, type=REPLICA_SET_SECONDARY, state=CONNECTED, ok=true, version=ServerVersion{versionList=[4, 0, 13]}, minWireVersion=0, maxWireVersion=7, maxDocumentSize=16777216, logicalSessionTimeoutMinutes=30, roundTripTimeNanos=349589200, setName='Cluster0-shard-0', canonicalAddress=cluster0-shard-00-01-scezc.mongodb.net:27017, hosts=[cluster0-shard-00-02-scezc.mongodb.net:27017, cluster0-shard-00-01-scezc.mongodb.net:27017, cluster0-shard-00-00-scezc.mongodb.net:27017], passives=[], arbiters=[], primary='cluster0-shard-00-00-scezc.mongodb.net:27017', tagSet=TagSet{[Tag{name='region', value='EU_WEST_1'}, Tag{name='provider', value='AWS'}, Tag{name='nodeType', value='ELECTABLE'}]}, electionId=null, setVersion=1, lastWriteDate=Wed Dec 11 22:40:12 CET 2019, lastUpdateTimeNanos=4105449758400}
2019-12-11 22:40:12.988  INFO 7784 --- [           main] org.mongodb.driver.cluster               : No server chosen by ReadPreferenceServerSelector{readPreference=primary} from cluster description ClusterDescription{type=REPLICA_SET, connectionMode=MULTIPLE, serverDescriptions=[ServerDescription{address=cluster0-shard-00-01-scezc.mongodb.net:27017, type=REPLICA_SET_SECONDARY, state=CONNECTED, ok=true, version=ServerVersion{versionList=[4, 0, 13]}, minWireVersion=0, maxWireVersion=7, maxDocumentSize=16777216, logicalSessionTimeoutMinutes=30, roundTripTimeNanos=349589200, setName='Cluster0-shard-0', canonicalAddress=cluster0-shard-00-01-scezc.mongodb.net:27017, hosts=[cluster0-shard-00-02-scezc.mongodb.net:27017, cluster0-shard-00-01-scezc.mongodb.net:27017, cluster0-shard-00-00-scezc.mongodb.net:27017], passives=[], arbiters=[], primary='cluster0-shard-00-00-scezc.mongodb.net:27017', tagSet=TagSet{[Tag{name='region', value='EU_WEST_1'}, Tag{name='provider', value='AWS'}, Tag{name='nodeType', value='ELECTABLE'}]}, electionId=null, setVersion=1, lastWriteDate=Wed Dec 11 22:40:12 CET 2019, lastUpdateTimeNanos=4105449758400}, ServerDescription{address=cluster0-shard-00-02-scezc.mongodb.net:27017, type=UNKNOWN, state=CONNECTING}, ServerDescription{address=cluster0-shard-00-00-scezc.mongodb.net:27017, type=UNKNOWN, state=CONNECTING}]}. Waiting for 30000 ms before timing out
2019-12-11 22:40:12.996  INFO 7784 --- [ngodb.net:27017] org.mongodb.driver.cluster               : Monitor thread successfully connected to server with description ServerDescription{address=cluster0-shard-00-02-scezc.mongodb.net:27017, type=REPLICA_SET_SECONDARY, state=CONNECTED, ok=true, version=ServerVersion{versionList=[4, 0, 13]}, minWireVersion=0, maxWireVersion=7, maxDocumentSize=16777216, logicalSessionTimeoutMinutes=30, roundTripTimeNanos=346408601, setName='Cluster0-shard-0', canonicalAddress=cluster0-shard-00-02-scezc.mongodb.net:27017, hosts=[cluster0-shard-00-02-scezc.mongodb.net:27017, cluster0-shard-00-01-scezc.mongodb.net:27017, cluster0-shard-00-00-scezc.mongodb.net:27017], passives=[], arbiters=[], primary='cluster0-shard-00-00-scezc.mongodb.net:27017', tagSet=TagSet{[Tag{name='region', value='EU_WEST_1'}, Tag{name='provider', value='AWS'}, Tag{name='nodeType', value='ELECTABLE'}]}, electionId=null, setVersion=1, lastWriteDate=Wed Dec 11 22:40:12 CET 2019, lastUpdateTimeNanos=4105457702300}
2019-12-11 22:40:13.011  INFO 7784 --- [ngodb.net:27017] org.mongodb.driver.cluster               : Monitor thread successfully connected to server with description ServerDescription{address=cluster0-shard-00-00-scezc.mongodb.net:27017, type=REPLICA_SET_PRIMARY, state=CONNECTED, ok=true, version=ServerVersion{versionList=[4, 0, 13]}, minWireVersion=0, maxWireVersion=7, maxDocumentSize=16777216, logicalSessionTimeoutMinutes=30, roundTripTimeNanos=345452201, setName='Cluster0-shard-0', canonicalAddress=cluster0-shard-00-00-scezc.mongodb.net:27017, hosts=[cluster0-shard-00-02-scezc.mongodb.net:27017, cluster0-shard-00-01-scezc.mongodb.net:27017, cluster0-shard-00-00-scezc.mongodb.net:27017], passives=[], arbiters=[], primary='cluster0-shard-00-00-scezc.mongodb.net:27017', tagSet=TagSet{[Tag{name='region', value='EU_WEST_1'}, Tag{name='provider', value='AWS'}, Tag{name='nodeType', value='ELECTABLE'}]}, electionId=7fffffff0000000000000001, setVersion=1, lastWriteDate=Wed Dec 11 22:40:12 CET 2019, lastUpdateTimeNanos=4105473615900}
2019-12-11 22:40:13.012  INFO 7784 --- [ngodb.net:27017] org.mongodb.driver.cluster               : Setting max election id to 7fffffff0000000000000001 from replica set primary cluster0-shard-00-00-scezc.mongodb.net:27017
2019-12-11 22:40:13.012  INFO 7784 --- [ngodb.net:27017] org.mongodb.driver.cluster               : Setting max set version to 1 from replica set primary cluster0-shard-00-00-scezc.mongodb.net:27017
2019-12-11 22:40:13.012  INFO 7784 --- [ngodb.net:27017] org.mongodb.driver.cluster               : Discovered replica set primary cluster0-shard-00-00-scezc.mongodb.net:27017
2019-12-11 22:40:14.303  INFO 7784 --- [           main] org.mongodb.driver.connection            : Opened connection [connectionId{localValue:20, serverValue:827690}] to cluster0-shard-00-00-scezc.mongodb.net:27017
]]></system-out>
  </testcase>
</testsuite>