<?xml version="1.0" encoding="UTF-8"?>
<testsuite xmlns:xsi="http://www.w3.org/2001/XMLSchema-instance" xsi:noNamespaceSchemaLocation="https://maven.apache.org/surefire/maven-surefire-plugin/xsd/surefire-test-report.xsd" name="mflix.api.daos.GetCommentsTest" time="0.665" tests="3" errors="2" skipped="0" failures="0">
  <properties>
[...]
</properties>
  <testcase name="testGetMovieComments" classname="mflix.api.daos.GetCommentsTest" time="0.06">
    <error type="java.lang.NullPointerException">java.lang.NullPointerException
	at mflix.api.daos.GetCommentsTest.testGetMovieComments(GetCommentsTest.java:72)
</error>
    <system-out><![CDATA[2019-12-11 22:40:09.064  INFO 7784 --- [           main] .b.t.c.SpringBootTestContextBootstrapper : Neither @ContextConfiguration nor @ContextHierarchy found for test class [mflix.api.daos.GetCommentsTest], using SpringBootContextLoader
2019-12-11 22:40:09.066  INFO 7784 --- [           main] o.s.t.c.support.AbstractContextLoader    : Could not detect default resource locations for test class [mflix.api.daos.GetCommentsTest]: no resource found for suffixes {-context.xml, Context.groovy}.
2019-12-11 22:40:09.072  INFO 7784 --- [           main] .b.t.c.SpringBootTestContextBootstrapper : Loaded default TestExecutionListener class names from location [META-INF/spring.factories]: [org.springframework.boot.test.mock.mockito.MockitoTestExecutionListener, org.springframework.boot.test.mock.mockito.ResetMocksTestExecutionListener, org.springframework.boot.test.autoconfigure.restdocs.RestDocsTestExecutionListener, org.springframework.boot.test.autoconfigure.web.client.MockRestServiceServerResetTestExecutionListener, org.springframework.boot.test.autoconfigure.web.servlet.MockMvcPrintOnlyOnFailureTestExecutionListener, org.springframework.boot.test.autoconfigure.web.servlet.WebDriverTestExecutionListener, org.springframework.test.context.web.ServletTestExecutionListener, org.springframework.test.context.support.DirtiesContextBeforeModesTestExecutionListener, org.springframework.test.context.support.DependencyInjectionTestExecutionListener, org.springframework.test.context.support.DirtiesContextTestExecutionListener, org.springframework.test.context.transaction.TransactionalTestExecutionListener, org.springframework.test.context.jdbc.SqlScriptsTestExecutionListener]
2019-12-11 22:40:09.073  INFO 7784 --- [           main] .b.t.c.SpringBootTestContextBootstrapper : Using TestExecutionListeners: [org.springframework.test.context.web.ServletTestExecutionListener@3c25cfe1, org.springframework.test.context.support.DirtiesContextBeforeModesTestExecutionListener@1d3c112a, org.springframework.boot.test.mock.mockito.MockitoTestExecutionListener@2a140ce5, org.springframework.boot.test.autoconfigure.SpringBootDependencyInjectionTestExecutionListener@1f71194d, org.springframework.test.context.support.DirtiesContextTestExecutionListener@db99785, org.springframework.boot.test.mock.mockito.ResetMocksTestExecutionListener@70716259, org.springframework.boot.test.autoconfigure.restdocs.RestDocsTestExecutionListener@7a083b96, org.springframework.boot.test.autoconfigure.web.client.MockRestServiceServerResetTestExecutionListener@6da4feeb, org.springframework.boot.test.autoconfigure.web.servlet.MockMvcPrintOnlyOnFailureTestExecutionListener@2c604965, org.springframework.boot.test.autoconfigure.web.servlet.WebDriverTestExecutionListener@57f8951a]
]]></system-out>
  </testcase>
  <testcase name="testInsertedComment" classname="mflix.api.daos.GetCommentsTest" time="0.301">
    <error type="java.lang.NullPointerException">java.lang.NullPointerException
	at mflix.api.daos.GetCommentsTest.testInsertedComment(GetCommentsTest.java:96)
</error>
  </testcase>
  <testcase name="testCommentsMovieIdNonExisting" classname="mflix.api.daos.GetCommentsTest" time="0.29"/>
</testsuite>