<?xml version="1.0" encoding="UTF-8"?>
<testsuite xmlns:xsi="http://www.w3.org/2001/XMLSchema-instance" xsi:noNamespaceSchemaLocation="https://maven.apache.org/surefire/maven-surefire-plugin/xsd/surefire-test-report.xsd" name="mflix.api.daos.ProjectionTest" time="4.548" tests="2" errors="2" skipped="0" failures="0">
  <properties>
[...]
</properties>
  <testcase name="testProjectionShape" classname="mflix.api.daos.ProjectionTest" time="0.627">
    <error message="Can&apos;t find a codec for class [Ljava.lang.String;." type="org.bson.codecs.configuration.CodecConfigurationException">org.bson.codecs.configuration.CodecConfigurationException: Can't find a codec for class [Ljava.lang.String;.
	at mflix.api.daos.ProjectionTest.testProjectionShape(ProjectionTest.java:53)
</error>
    <system-out><![CDATA[12:32:40.090 [main] DEBUG org.springframework.test.context.junit4.SpringJUnit4ClassRunner - SpringJUnit4ClassRunner constructor called with [class mflix.api.daos.ProjectionTest]
12:32:40.095 [main] DEBUG org.springframework.test.context.BootstrapUtils - Instantiating CacheAwareContextLoaderDelegate from class [org.springframework.test.context.cache.DefaultCacheAwareContextLoaderDelegate]
12:32:40.101 [main] DEBUG org.springframework.test.context.BootstrapUtils - Instantiating BootstrapContext using constructor [public org.springframework.test.context.support.DefaultBootstrapContext(java.lang.Class,org.springframework.test.context.CacheAwareContextLoaderDelegate)]
12:32:40.120 [main] DEBUG org.springframework.test.context.BootstrapUtils - Instantiating TestContextBootstrapper for test class [mflix.api.daos.ProjectionTest] from class [org.springframework.boot.test.context.SpringBootTestContextBootstrapper]
12:32:40.130 [main] INFO org.springframework.boot.test.context.SpringBootTestContextBootstrapper - Neither @ContextConfiguration nor @ContextHierarchy found for test class [mflix.api.daos.ProjectionTest], using SpringBootContextLoader
12:32:40.133 [main] DEBUG org.springframework.test.context.support.AbstractContextLoader - Did not detect default resource location for test class [mflix.api.daos.ProjectionTest]: class path resource [mflix/api/daos/ProjectionTest-context.xml] does not exist
12:32:40.133 [main] DEBUG org.springframework.test.context.support.AbstractContextLoader - Did not detect default resource location for test class [mflix.api.daos.ProjectionTest]: class path resource [mflix/api/daos/ProjectionTestContext.groovy] does not exist
12:32:40.133 [main] INFO org.springframework.test.context.support.AbstractContextLoader - Could not detect default resource locations for test class [mflix.api.daos.ProjectionTest]: no resource found for suffixes {-context.xml, Context.groovy}.
12:32:40.170 [main] DEBUG org.springframework.test.context.support.ActiveProfilesUtils - Could not find an 'annotation declaring class' for annotation type [org.springframework.test.context.ActiveProfiles] and class [mflix.api.daos.ProjectionTest]
12:32:40.273 [main] DEBUG org.springframework.boot.test.context.SpringBootTestContextBootstrapper - @TestExecutionListeners is not present for class [mflix.api.daos.ProjectionTest]: using defaults.
12:32:40.274 [main] INFO org.springframework.boot.test.context.SpringBootTestContextBootstrapper - Loaded default TestExecutionListener class names from location [META-INF/spring.factories]: [org.springframework.boot.test.mock.mockito.MockitoTestExecutionListener, org.springframework.boot.test.mock.mockito.ResetMocksTestExecutionListener, org.springframework.boot.test.autoconfigure.restdocs.RestDocsTestExecutionListener, org.springframework.boot.test.autoconfigure.web.client.MockRestServiceServerResetTestExecutionListener, org.springframework.boot.test.autoconfigure.web.servlet.MockMvcPrintOnlyOnFailureTestExecutionListener, org.springframework.boot.test.autoconfigure.web.servlet.WebDriverTestExecutionListener, org.springframework.test.context.web.ServletTestExecutionListener, org.springframework.test.context.support.DirtiesContextBeforeModesTestExecutionListener, org.springframework.test.context.support.DependencyInjectionTestExecutionListener, org.springframework.test.context.support.DirtiesContextTestExecutionListener, org.springframework.test.context.transaction.TransactionalTestExecutionListener, org.springframework.test.context.jdbc.SqlScriptsTestExecutionListener]
12:32:40.283 [main] DEBUG org.springframework.boot.test.context.SpringBootTestContextBootstrapper - Skipping candidate TestExecutionListener [org.springframework.test.context.transaction.TransactionalTestExecutionListener] due to a missing dependency. Specify custom listener classes or make the default listener classes and their required dependencies available. Offending class: [org/springframework/transaction/interceptor/TransactionAttributeSource]
12:32:40.284 [main] DEBUG org.springframework.boot.test.context.SpringBootTestContextBootstrapper - Skipping candidate TestExecutionListener [org.springframework.test.context.jdbc.SqlScriptsTestExecutionListener] due to a missing dependency. Specify custom listener classes or make the default listener classes and their required dependencies available. Offending class: [org/springframework/transaction/interceptor/TransactionAttribute]
12:32:40.284 [main] INFO org.springframework.boot.test.context.SpringBootTestContextBootstrapper - Using TestExecutionListeners: [org.springframework.test.context.web.ServletTestExecutionListener@4550bb58, org.springframework.test.context.support.DirtiesContextBeforeModesTestExecutionListener@4ec4f3a0, org.springframework.boot.test.mock.mockito.MockitoTestExecutionListener@223191a6, org.springframework.boot.test.autoconfigure.SpringBootDependencyInjectionTestExecutionListener@49139829, org.springframework.test.context.support.DirtiesContextTestExecutionListener@9597028, org.springframework.boot.test.mock.mockito.ResetMocksTestExecutionListener@6069db50, org.springframework.boot.test.autoconfigure.restdocs.RestDocsTestExecutionListener@4efbca5a, org.springframework.boot.test.autoconfigure.web.client.MockRestServiceServerResetTestExecutionListener@1b7cc17c, org.springframework.boot.test.autoconfigure.web.servlet.MockMvcPrintOnlyOnFailureTestExecutionListener@59662a0b, org.springframework.boot.test.autoconfigure.web.servlet.WebDriverTestExecutionListener@77fbd92c]
12:32:40.285 [main] DEBUG org.springframework.test.annotation.ProfileValueUtils - Retrieved @ProfileValueSourceConfiguration [null] for test class [mflix.api.daos.ProjectionTest]
12:32:40.285 [main] DEBUG org.springframework.test.annotation.ProfileValueUtils - Retrieved ProfileValueSource type [class org.springframework.test.annotation.SystemProfileValueSource] for class [mflix.api.daos.ProjectionTest]
12:32:40.286 [main] DEBUG org.springframework.test.annotation.ProfileValueUtils - Retrieved @ProfileValueSourceConfiguration [null] for test class [mflix.api.daos.ProjectionTest]
12:32:40.286 [main] DEBUG org.springframework.test.annotation.ProfileValueUtils - Retrieved ProfileValueSource type [class org.springframework.test.annotation.SystemProfileValueSource] for class [mflix.api.daos.ProjectionTest]
12:32:40.287 [main] DEBUG org.springframework.test.annotation.ProfileValueUtils - Retrieved @ProfileValueSourceConfiguration [null] for test class [mflix.api.daos.ProjectionTest]
12:32:40.287 [main] DEBUG org.springframework.test.annotation.ProfileValueUtils - Retrieved ProfileValueSource type [class org.springframework.test.annotation.SystemProfileValueSource] for class [mflix.api.daos.ProjectionTest]
12:32:40.290 [main] DEBUG org.springframework.test.context.support.AbstractDirtiesContextTestExecutionListener - Before test class: context [DefaultTestContext@4562e04d testClass = ProjectionTest, testInstance = [null], testMethod = [null], testException = [null], mergedContextConfiguration = [WebMergedContextConfiguration@2a65fe7c testClass = ProjectionTest, locations = '{}', classes = '{class mflix.config.MongoDBConfiguration, class mflix.config.MongoDBConfiguration}', contextInitializerClasses = '[]', activeProfiles = '{}', propertySourceLocations = '{}', propertySourceProperties = '{org.springframework.boot.test.context.SpringBootTestContextBootstrapper=true}', contextCustomizers = set[[ImportsContextCustomizer@4135c3b key = [@org.springframework.boot.autoconfigure.AutoConfigurationPackage(), @org.springframework.boot.context.properties.EnableConfigurationProperties(value=[]), @org.springframework.boot.test.context.SpringBootTest(webEnvironment=MOCK, value=[], properties=[], classes=[class mflix.config.MongoDBConfiguration]), @org.springframework.context.annotation.Import(value=[class org.springframework.boot.autoconfigure.AutoConfigurationPackages$Registrar]), @org.springframework.boot.autoconfigure.EnableAutoConfiguration(exclude=[], excludeName=[]), @org.junit.runner.RunWith(value=class org.springframework.test.context.junit4.SpringJUnit4ClassRunner), @org.springframework.context.annotation.Import(value=[class org.springframework.boot.autoconfigure.AutoConfigurationImportSelector]), @org.springframework.context.annotation.Import(value=[class org.springframework.boot.context.properties.EnableConfigurationPropertiesImportSelector]), @org.springframework.test.context.BootstrapWith(value=class org.springframework.boot.test.context.SpringBootTestContextBootstrapper)]], org.springframework.boot.test.context.filter.ExcludeFilterContextCustomizer@1cab0bfb, org.springframework.boot.test.json.DuplicateJsonObjectContextCustomizerFactory$DuplicateJsonObjectContextCustomizer@2473b9ce, org.springframework.boot.test.mock.mockito.MockitoContextCustomizer@0, org.springframework.boot.test.web.client.TestRestTemplateContextCustomizer@32464a14, org.springframework.boot.test.autoconfigure.properties.PropertyMappingContextCustomizer@0, org.springframework.boot.test.autoconfigure.web.servlet.WebDriverContextCustomizerFactory$Customizer@7fad8c79], resourceBasePath = 'src/main/webapp', contextLoader = 'org.springframework.boot.test.context.SpringBootContextLoader', parent = [null]], attributes = map['org.springframework.test.context.web.ServletTestExecutionListener.activateListener' -> true]], class annotated with @DirtiesContext [false] with mode [null].
12:32:40.290 [main] DEBUG org.springframework.test.annotation.ProfileValueUtils - Retrieved @ProfileValueSourceConfiguration [null] for test class [mflix.api.daos.ProjectionTest]
12:32:40.290 [main] DEBUG org.springframework.test.annotation.ProfileValueUtils - Retrieved ProfileValueSource type [class org.springframework.test.annotation.SystemProfileValueSource] for class [mflix.api.daos.ProjectionTest]
12:32:40.310 [main] DEBUG org.springframework.core.env.StandardEnvironment - Adding PropertySource 'systemProperties' with lowest search precedence
12:32:40.310 [main] DEBUG org.springframework.core.env.StandardEnvironment - Adding PropertySource 'systemEnvironment' with lowest search precedence
12:32:40.311 [main] DEBUG org.springframework.core.env.StandardEnvironment - Initialized StandardEnvironment with PropertySources [MapPropertySource@1732502545 {name='systemProperties', properties={java.runtime.name=Java(TM) SE Runtime Environment, sun.boot.library.path=C:\Program Files\Java\jdk1.8.0_211\jre\bin, java.vm.version=25.211-b12, java.vm.vendor=Oracle Corporation, java.vendor.url=http://java.oracle.com/, path.separator=;, java.vm.name=Java HotSpot(TM) 64-Bit Server VM, file.encoding.pkg=sun.io, user.country=PL, user.script=, sun.java.launcher=SUN_STANDARD, sun.os.patch.level=, test=ProjectionTest, java.vm.specification.name=Java Virtual Machine Specification, user.dir=C:\Users\mgoncerzewicz\Documents\GitHub\M220J\mflix, java.runtime.version=1.8.0_211-b12, basedir=C:\Users\mgoncerzewicz\Documents\GitHub\M220J\mflix, java.awt.graphicsenv=sun.awt.Win32GraphicsEnvironment, java.endorsed.dirs=C:\Program Files\Java\jdk1.8.0_211\jre\lib\endorsed, os.arch=amd64, surefire.real.class.path=C:\Users\MGONCE~1\AppData\Local\Temp\surefire1717280452785269094\surefirebooter4342223903895336613.jar, java.io.tmpdir=C:\Users\MGONCE~1\AppData\Local\Temp\, line.separator=
, java.vm.specification.vendor=Oracle Corporation, user.variant=, os.name=Windows 10, sun.jnu.encoding=Cp1250, java.library.path=C:\Program Files\Java\jdk1.8.0_211\jre\bin;C:\WINDOWS\Sun\Java\bin;C:\WINDOWS\system32;C:\WINDOWS;C:\Program Files\JetBrains\IntelliJ IDEA 2019.1.3\jbr\\bin;C:\Program Files\JetBrains\IntelliJ IDEA 2019.1.3\jbr\\bin\server;C:\Program Files (x86)\Common Files\Oracle\Java\javapath;C:\Program Files (x86)\Intel\Intel(R) Management Engine Components\iCLS\;C:\Program Files\Intel\Intel(R) Management Engine Components\iCLS\;C:\WINDOWS\system32;C:\WINDOWS;C:\WINDOWS\System32\Wbem;C:\WINDOWS\System32\WindowsPowerShell\v1.0\;C:\WINDOWS\System32\OpenSSH\;C:\Program Files (x86)\Intel\Intel(R) Management Engine Components\DAL;C:\Program Files\Intel\Intel(R) Management Engine Components\DAL;C:\Program Files (x86)\Intel\Intel(R) Management Engine Components\IPT;C:\Program Files\Intel\Intel(R) Management Engine Components\IPT;C:\Program Files\PuTTY\;C:\Program Files\nodejs\;C:\glassfish5\bin;C:\glassfish5\glassfish\bin;C:\Gradle\gradle-4.5.1\bin;C:\Program Files (x86)\Yarn\bin\;C:\Program Files\Amazon\AWSSAMCLI\bin\;C:\Program Files\Git\cmd;C:\Program Files\MiKTeX 2.9\miktex\bin\x64\;C:\Users\mgoncerzewicz\AppData\Local\Programs\Python\Python37-32\Scripts\;C:\Users\mgoncerzewicz\AppData\Local\Programs\Python\Python37-32\;C:\Users\mgoncerzewicz\AppData\Local\Microsoft\WindowsApps;C:\Program Files\JetBrains\PyCharm 2019.1.1\bin;C:\Users\mgoncerzewicz\AppData\Local\atom\bin;C:\Users\mgoncerzewicz\AppData\Roaming\npm;C:\apache-maven-3.6.1\bin;C:\Program Files\JetBrains\IntelliJ IDEA 2019.1.3\bin;C:\Users\mgoncerzewicz\AppData\Local\Yarn\bin;C:\Users\mgoncerzewicz\AppData\Local\GitHubDesktop\bin;;C:\Program Files\JetBrains\PyCharm 2019.2.1\bin;;C:\Program Files\Docker Toolbox;C:\Users\mgoncerzewicz\AppData\Local\Microsoft\WindowsApps;C:\texlive\2019\bin\win32;., surefire.test.class.path=C:\Users\mgoncerzewicz\Documents\GitHub\M220J\mflix\target\test-classes;C:\Users\mgoncerzewicz\Documents\GitHub\M220J\mflix\target\classes;C:\Users\mgoncerzewicz\.m2\repository\org\springframework\boot\spring-boot-starter-web\2.0.3.RELEASE\spring-boot-starter-web-2.0.3.RELEASE.jar;C:\Users\mgoncerzewicz\.m2\repository\org\springframework\boot\spring-boot-starter\2.0.3.RELEASE\spring-boot-starter-2.0.3.RELEASE.jar;C:\Users\mgoncerzewicz\.m2\repository\org\springframework\boot\spring-boot-starter-logging\2.0.3.RELEASE\spring-boot-starter-logging-2.0.3.RELEASE.jar;C:\Users\mgoncerzewicz\.m2\repository\ch\qos\logback\logback-classic\1.2.3\logback-classic-1.2.3.jar;C:\Users\mgoncerzewicz\.m2\repository\ch\qos\logback\logback-core\1.2.3\logback-core-1.2.3.jar;C:\Users\mgoncerzewicz\.m2\repository\org\apache\logging\log4j\log4j-to-slf4j\2.10.0\log4j-to-slf4j-2.10.0.jar;C:\Users\mgoncerzewicz\.m2\repository\org\apache\logging\log4j\log4j-api\2.10.0\log4j-api-2.10.0.jar;C:\Users\mgoncerzewicz\.m2\repository\org\slf4j\jul-to-slf4j\1.7.25\jul-to-slf4j-1.7.25.jar;C:\Users\mgoncerzewicz\.m2\repository\javax\annotation\javax.annotation-api\1.3.2\javax.annotation-api-1.3.2.jar;C:\Users\mgoncerzewicz\.m2\repository\org\yaml\snakeyaml\1.19\snakeyaml-1.19.jar;C:\Users\mgoncerzewicz\.m2\repository\org\springframework\boot\spring-boot-starter-json\2.0.3.RELEASE\spring-boot-starter-json-2.0.3.RELEASE.jar;C:\Users\mgoncerzewicz\.m2\repository\com\fasterxml\jackson\datatype\jackson-datatype-jdk8\2.9.6\jackson-datatype-jdk8-2.9.6.jar;C:\Users\mgoncerzewicz\.m2\repository\com\fasterxml\jackson\datatype\jackson-datatype-jsr310\2.9.6\jackson-datatype-jsr310-2.9.6.jar;C:\Users\mgoncerzewicz\.m2\repository\com\fasterxml\jackson\module\jackson-module-parameter-names\2.9.6\jackson-module-parameter-names-2.9.6.jar;C:\Users\mgoncerzewicz\.m2\repository\org\springframework\boot\spring-boot-starter-tomcat\2.0.3.RELEASE\spring-boot-starter-tomcat-2.0.3.RELEASE.jar;C:\Users\mgoncerzewicz\.m2\repository\org\apache\tomcat\embed\tomcat-embed-core\8.5.31\tomcat-embed-core-8.5.31.jar;C:\Users\mgoncerzewicz\.m2\repository\org\apache\tomcat\embed\tomcat-embed-el\8.5.31\tomcat-embed-el-8.5.31.jar;C:\Users\mgoncerzewicz\.m2\repository\org\apache\tomcat\embed\tomcat-embed-websocket\8.5.31\tomcat-embed-websocket-8.5.31.jar;C:\Users\mgoncerzewicz\.m2\repository\org\hibernate\validator\hibernate-validator\6.0.10.Final\hibernate-validator-6.0.10.Final.jar;C:\Users\mgoncerzewicz\.m2\repository\javax\validation\validation-api\2.0.1.Final\validation-api-2.0.1.Final.jar;C:\Users\mgoncerzewicz\.m2\repository\org\jboss\logging\jboss-logging\3.3.2.Final\jboss-logging-3.3.2.Final.jar;C:\Users\mgoncerzewicz\.m2\repository\com\fasterxml\classmate\1.3.4\classmate-1.3.4.jar;C:\Users\mgoncerzewicz\.m2\repository\org\springframework\spring-webmvc\5.0.7.RELEASE\spring-webmvc-5.0.7.RELEASE.jar;C:\Users\mgoncerzewicz\.m2\repository\org\springframework\boot\spring-boot-starter-test\2.0.3.RELEASE\spring-boot-starter-test-2.0.3.RELEASE.jar;C:\Users\mgoncerzewicz\.m2\repository\org\springframework\boot\spring-boot-test\2.0.3.RELEASE\spring-boot-test-2.0.3.RELEASE.jar;C:\Users\mgoncerzewicz\.m2\repository\org\springframework\boot\spring-boot-test-autoconfigure\2.0.3.RELEASE\spring-boot-test-autoconfigure-2.0.3.RELEASE.jar;C:\Users\mgoncerzewicz\.m2\repository\com\jayway\jsonpath\json-path\2.4.0\json-path-2.4.0.jar;C:\Users\mgoncerzewicz\.m2\repository\net\minidev\json-smart\2.3\json-smart-2.3.jar;C:\Users\mgoncerzewicz\.m2\repository\net\minidev\accessors-smart\1.2\accessors-smart-1.2.jar;C:\Users\mgoncerzewicz\.m2\repository\org\ow2\asm\asm\5.0.4\asm-5.0.4.jar;C:\Users\mgoncerzewicz\.m2\repository\org\slf4j\slf4j-api\1.7.25\slf4j-api-1.7.25.jar;C:\Users\mgoncerzewicz\.m2\repository\junit\junit\4.12\junit-4.12.jar;C:\Users\mgoncerzewicz\.m2\repository\org\assertj\assertj-core\3.9.1\assertj-core-3.9.1.jar;C:\Users\mgoncerzewicz\.m2\repository\org\mockito\mockito-core\2.15.0\mockito-core-2.15.0.jar;C:\Users\mgoncerzewicz\.m2\repository\net\bytebuddy\byte-buddy\1.7.9\byte-buddy-1.7.9.jar;C:\Users\mgoncerzewicz\.m2\repository\net\bytebuddy\byte-buddy-agent\1.7.9\byte-buddy-agent-1.7.9.jar;C:\Users\mgoncerzewicz\.m2\repository\org\objenesis\objenesis\2.6\objenesis-2.6.jar;C:\Users\mgoncerzewicz\.m2\repository\org\hamcrest\hamcrest-core\1.3\hamcrest-core-1.3.jar;C:\Users\mgoncerzewicz\.m2\repository\org\hamcrest\hamcrest-library\1.3\hamcrest-library-1.3.jar;C:\Users\mgoncerzewicz\.m2\repository\org\skyscreamer\jsonassert\1.5.0\jsonassert-1.5.0.jar;C:\Users\mgoncerzewicz\.m2\repository\com\vaadin\external\google\android-json\0.0.20131108.vaadin1\android-json-0.0.20131108.vaadin1.jar;C:\Users\mgoncerzewicz\.m2\repository\org\springframework\spring-test\5.0.7.RELEASE\spring-test-5.0.7.RELEASE.jar;C:\Users\mgoncerzewicz\.m2\repository\org\xmlunit\xmlunit-core\2.5.1\xmlunit-core-2.5.1.jar;C:\Users\mgoncerzewicz\.m2\repository\org\springframework\boot\spring-boot-starter-security\2.0.4.RELEASE\spring-boot-starter-security-2.0.4.RELEASE.jar;C:\Users\mgoncerzewicz\.m2\repository\org\springframework\spring-aop\5.0.8.RELEASE\spring-aop-5.0.8.RELEASE.jar;C:\Users\mgoncerzewicz\.m2\repository\org\springframework\security\spring-security-config\5.0.7.RELEASE\spring-security-config-5.0.7.RELEASE.jar;C:\Users\mgoncerzewicz\.m2\repository\org\springframework\security\spring-security-core\5.0.7.RELEASE\spring-security-core-5.0.7.RELEASE.jar;C:\Users\mgoncerzewicz\.m2\repository\org\springframework\security\spring-security-web\5.0.7.RELEASE\spring-security-web-5.0.7.RELEASE.jar;C:\Users\mgoncerzewicz\.m2\repository\org\springframework\boot\spring-boot\2.0.4.RELEASE\spring-boot-2.0.4.RELEASE.jar;C:\Users\mgoncerzewicz\.m2\repository\org\springframework\spring-context\5.0.7.RELEASE\spring-context-5.0.7.RELEASE.jar;C:\Users\mgoncerzewicz\.m2\repository\org\springframework\spring-beans\5.0.7.RELEASE\spring-beans-5.0.7.RELEASE.jar;C:\Users\mgoncerzewicz\.m2\repository\org\springframework\spring-expression\5.0.7.RELEASE\spring-expression-5.0.7.RELEASE.jar;C:\Users\mgoncerzewicz\.m2\repository\org\springframework\spring-core\5.0.7.RELEASE\spring-core-5.0.7.RELEASE.jar;C:\Users\mgoncerzewicz\.m2\repository\org\springframework\spring-jcl\5.0.7.RELEASE\spring-jcl-5.0.7.RELEASE.jar;C:\Users\mgoncerzewicz\.m2\repository\org\springframework\boot\spring-boot-autoconfigure\2.0.3.RELEASE\spring-boot-autoconfigure-2.0.3.RELEASE.jar;C:\Users\mgoncerzewicz\.m2\repository\org\springframework\spring-web\5.0.7.RELEASE\spring-web-5.0.7.RELEASE.jar;C:\Users\mgoncerzewicz\.m2\repository\io\jsonwebtoken\jjwt\0.9.1\jjwt-0.9.1.jar;C:\Users\mgoncerzewicz\.m2\repository\com\fasterxml\jackson\core\jackson-databind\2.9.6\jackson-databind-2.9.6.jar;C:\Users\mgoncerzewicz\.m2\repository\com\fasterxml\jackson\core\jackson-annotations\2.9.0\jackson-annotations-2.9.0.jar;C:\Users\mgoncerzewicz\.m2\repository\com\fasterxml\jackson\core\jackson-core\2.9.6\jackson-core-2.9.6.jar;C:\Users\mgoncerzewicz\.m2\repository\org\junit\jupiter\junit-jupiter-api\5.1.0\junit-jupiter-api-5.1.0.jar;C:\Users\mgoncerzewicz\.m2\repository\org\apiguardian\apiguardian-api\1.0.0\apiguardian-api-1.0.0.jar;C:\Users\mgoncerzewicz\.m2\repository\org\opentest4j\opentest4j\1.0.0\opentest4j-1.0.0.jar;C:\Users\mgoncerzewicz\.m2\repository\org\junit\platform\junit-platform-commons\1.1.0\junit-platform-commons-1.1.0.jar;C:\Users\mgoncerzewicz\.m2\repository\org\mongodb\mongodb-driver-sync\3.9.1\mongodb-driver-sync-3.9.1.jar;C:\Users\mgoncerzewicz\.m2\repository\org\mongodb\bson\3.9.1\bson-3.9.1.jar;C:\Users\mgoncerzewicz\.m2\repository\org\mongodb\mongodb-driver-core\3.9.1\mongodb-driver-core-3.9.1.jar;, java.specification.name=Java Platform API Specification, java.class.version=52.0, sun.management.compiler=HotSpot 64-Bit Tiered Compilers, os.version=10.0, user.home=C:\Users\mgoncerzewicz, user.timezone=Europe/Belgrade, java.awt.printerjob=sun.awt.windows.WPrinterJob, file.encoding=Cp1250, java.specification.version=1.8, java.class.path=C:\Users\mgoncerzewicz\Documents\GitHub\M220J\mflix\target\test-classes;C:\Users\mgoncerzewicz\Documents\GitHub\M220J\mflix\target\classes;C:\Users\mgoncerzewicz\.m2\repository\org\springframework\boot\spring-boot-starter-web\2.0.3.RELEASE\spring-boot-starter-web-2.0.3.RELEASE.jar;C:\Users\mgoncerzewicz\.m2\repository\org\springframework\boot\spring-boot-starter\2.0.3.RELEASE\spring-boot-starter-2.0.3.RELEASE.jar;C:\Users\mgoncerzewicz\.m2\repository\org\springframework\boot\spring-boot-starter-logging\2.0.3.RELEASE\spring-boot-starter-logging-2.0.3.RELEASE.jar;C:\Users\mgoncerzewicz\.m2\repository\ch\qos\logback\logback-classic\1.2.3\logback-classic-1.2.3.jar;C:\Users\mgoncerzewicz\.m2\repository\ch\qos\logback\logback-core\1.2.3\logback-core-1.2.3.jar;C:\Users\mgoncerzewicz\.m2\repository\org\apache\logging\log4j\log4j-to-slf4j\2.10.0\log4j-to-slf4j-2.10.0.jar;C:\Users\mgoncerzewicz\.m2\repository\org\apache\logging\log4j\log4j-api\2.10.0\log4j-api-2.10.0.jar;C:\Users\mgoncerzewicz\.m2\repository\org\slf4j\jul-to-slf4j\1.7.25\jul-to-slf4j-1.7.25.jar;C:\Users\mgoncerzewicz\.m2\repository\javax\annotation\javax.annotation-api\1.3.2\javax.annotation-api-1.3.2.jar;C:\Users\mgoncerzewicz\.m2\repository\org\yaml\snakeyaml\1.19\snakeyaml-1.19.jar;C:\Users\mgoncerzewicz\.m2\repository\org\springframework\boot\spring-boot-starter-json\2.0.3.RELEASE\spring-boot-starter-json-2.0.3.RELEASE.jar;C:\Users\mgoncerzewicz\.m2\repository\com\fasterxml\jackson\datatype\jackson-datatype-jdk8\2.9.6\jackson-datatype-jdk8-2.9.6.jar;C:\Users\mgoncerzewicz\.m2\repository\com\fasterxml\jackson\datatype\jackson-datatype-jsr310\2.9.6\jackson-datatype-jsr310-2.9.6.jar;C:\Users\mgoncerzewicz\.m2\repository\com\fasterxml\jackson\module\jackson-module-parameter-names\2.9.6\jackson-module-parameter-names-2.9.6.jar;C:\Users\mgoncerzewicz\.m2\repository\org\springframework\boot\spring-boot-starter-tomcat\2.0.3.RELEASE\spring-boot-starter-tomcat-2.0.3.RELEASE.jar;C:\Users\mgoncerzewicz\.m2\repository\org\apache\tomcat\embed\tomcat-embed-core\8.5.31\tomcat-embed-core-8.5.31.jar;C:\Users\mgoncerzewicz\.m2\repository\org\apache\tomcat\embed\tomcat-embed-el\8.5.31\tomcat-embed-el-8.5.31.jar;C:\Users\mgoncerzewicz\.m2\repository\org\apache\tomcat\embed\tomcat-embed-websocket\8.5.31\tomcat-embed-websocket-8.5.31.jar;C:\Users\mgoncerzewicz\.m2\repository\org\hibernate\validator\hibernate-validator\6.0.10.Final\hibernate-validator-6.0.10.Final.jar;C:\Users\mgoncerzewicz\.m2\repository\javax\validation\validation-api\2.0.1.Final\validation-api-2.0.1.Final.jar;C:\Users\mgoncerzewicz\.m2\repository\org\jboss\logging\jboss-logging\3.3.2.Final\jboss-logging-3.3.2.Final.jar;C:\Users\mgoncerzewicz\.m2\repository\com\fasterxml\classmate\1.3.4\classmate-1.3.4.jar;C:\Users\mgoncerzewicz\.m2\repository\org\springframework\spring-webmvc\5.0.7.RELEASE\spring-webmvc-5.0.7.RELEASE.jar;C:\Users\mgoncerzewicz\.m2\repository\org\springframework\boot\spring-boot-starter-test\2.0.3.RELEASE\spring-boot-starter-test-2.0.3.RELEASE.jar;C:\Users\mgoncerzewicz\.m2\repository\org\springframework\boot\spring-boot-test\2.0.3.RELEASE\spring-boot-test-2.0.3.RELEASE.jar;C:\Users\mgoncerzewicz\.m2\repository\org\springframework\boot\spring-boot-test-autoconfigure\2.0.3.RELEASE\spring-boot-test-autoconfigure-2.0.3.RELEASE.jar;C:\Users\mgoncerzewicz\.m2\repository\com\jayway\jsonpath\json-path\2.4.0\json-path-2.4.0.jar;C:\Users\mgoncerzewicz\.m2\repository\net\minidev\json-smart\2.3\json-smart-2.3.jar;C:\Users\mgoncerzewicz\.m2\repository\net\minidev\accessors-smart\1.2\accessors-smart-1.2.jar;C:\Users\mgoncerzewicz\.m2\repository\org\ow2\asm\asm\5.0.4\asm-5.0.4.jar;C:\Users\mgoncerzewicz\.m2\repository\org\slf4j\slf4j-api\1.7.25\slf4j-api-1.7.25.jar;C:\Users\mgoncerzewicz\.m2\repository\junit\junit\4.12\junit-4.12.jar;C:\Users\mgoncerzewicz\.m2\repository\org\assertj\assertj-core\3.9.1\assertj-core-3.9.1.jar;C:\Users\mgoncerzewicz\.m2\repository\org\mockito\mockito-core\2.15.0\mockito-core-2.15.0.jar;C:\Users\mgoncerzewicz\.m2\repository\net\bytebuddy\byte-buddy\1.7.9\byte-buddy-1.7.9.jar;C:\Users\mgoncerzewicz\.m2\repository\net\bytebuddy\byte-buddy-agent\1.7.9\byte-buddy-agent-1.7.9.jar;C:\Users\mgoncerzewicz\.m2\repository\org\objenesis\objenesis\2.6\objenesis-2.6.jar;C:\Users\mgoncerzewicz\.m2\repository\org\hamcrest\hamcrest-core\1.3\hamcrest-core-1.3.jar;C:\Users\mgoncerzewicz\.m2\repository\org\hamcrest\hamcrest-library\1.3\hamcrest-library-1.3.jar;C:\Users\mgoncerzewicz\.m2\repository\org\skyscreamer\jsonassert\1.5.0\jsonassert-1.5.0.jar;C:\Users\mgoncerzewicz\.m2\repository\com\vaadin\external\google\android-json\0.0.20131108.vaadin1\android-json-0.0.20131108.vaadin1.jar;C:\Users\mgoncerzewicz\.m2\repository\org\springframework\spring-test\5.0.7.RELEASE\spring-test-5.0.7.RELEASE.jar;C:\Users\mgoncerzewicz\.m2\repository\org\xmlunit\xmlunit-core\2.5.1\xmlunit-core-2.5.1.jar;C:\Users\mgoncerzewicz\.m2\repository\org\springframework\boot\spring-boot-starter-security\2.0.4.RELEASE\spring-boot-starter-security-2.0.4.RELEASE.jar;C:\Users\mgoncerzewicz\.m2\repository\org\springframework\spring-aop\5.0.8.RELEASE\spring-aop-5.0.8.RELEASE.jar;C:\Users\mgoncerzewicz\.m2\repository\org\springframework\security\spring-security-config\5.0.7.RELEASE\spring-security-config-5.0.7.RELEASE.jar;C:\Users\mgoncerzewicz\.m2\repository\org\springframework\security\spring-security-core\5.0.7.RELEASE\spring-security-core-5.0.7.RELEASE.jar;C:\Users\mgoncerzewicz\.m2\repository\org\springframework\security\spring-security-web\5.0.7.RELEASE\spring-security-web-5.0.7.RELEASE.jar;C:\Users\mgoncerzewicz\.m2\repository\org\springframework\boot\spring-boot\2.0.4.RELEASE\spring-boot-2.0.4.RELEASE.jar;C:\Users\mgoncerzewicz\.m2\repository\org\springframework\spring-context\5.0.7.RELEASE\spring-context-5.0.7.RELEASE.jar;C:\Users\mgoncerzewicz\.m2\repository\org\springframework\spring-beans\5.0.7.RELEASE\spring-beans-5.0.7.RELEASE.jar;C:\Users\mgoncerzewicz\.m2\repository\org\springframework\spring-expression\5.0.7.RELEASE\spring-expression-5.0.7.RELEASE.jar;C:\Users\mgoncerzewicz\.m2\repository\org\springframework\spring-core\5.0.7.RELEASE\spring-core-5.0.7.RELEASE.jar;C:\Users\mgoncerzewicz\.m2\repository\org\springframework\spring-jcl\5.0.7.RELEASE\spring-jcl-5.0.7.RELEASE.jar;C:\Users\mgoncerzewicz\.m2\repository\org\springframework\boot\spring-boot-autoconfigure\2.0.3.RELEASE\spring-boot-autoconfigure-2.0.3.RELEASE.jar;C:\Users\mgoncerzewicz\.m2\repository\org\springframework\spring-web\5.0.7.RELEASE\spring-web-5.0.7.RELEASE.jar;C:\Users\mgoncerzewicz\.m2\repository\io\jsonwebtoken\jjwt\0.9.1\jjwt-0.9.1.jar;C:\Users\mgoncerzewicz\.m2\repository\com\fasterxml\jackson\core\jackson-databind\2.9.6\jackson-databind-2.9.6.jar;C:\Users\mgoncerzewicz\.m2\repository\com\fasterxml\jackson\core\jackson-annotations\2.9.0\jackson-annotations-2.9.0.jar;C:\Users\mgoncerzewicz\.m2\repository\com\fasterxml\jackson\core\jackson-core\2.9.6\jackson-core-2.9.6.jar;C:\Users\mgoncerzewicz\.m2\repository\org\junit\jupiter\junit-jupiter-api\5.1.0\junit-jupiter-api-5.1.0.jar;C:\Users\mgoncerzewicz\.m2\repository\org\apiguardian\apiguardian-api\1.0.0\apiguardian-api-1.0.0.jar;C:\Users\mgoncerzewicz\.m2\repository\org\opentest4j\opentest4j\1.0.0\opentest4j-1.0.0.jar;C:\Users\mgoncerzewicz\.m2\repository\org\junit\platform\junit-platform-commons\1.1.0\junit-platform-commons-1.1.0.jar;C:\Users\mgoncerzewicz\.m2\repository\org\mongodb\mongodb-driver-sync\3.9.1\mongodb-driver-sync-3.9.1.jar;C:\Users\mgoncerzewicz\.m2\repository\org\mongodb\bson\3.9.1\bson-3.9.1.jar;C:\Users\mgoncerzewicz\.m2\repository\org\mongodb\mongodb-driver-core\3.9.1\mongodb-driver-core-3.9.1.jar;, user.name=MGoncerzewicz, java.vm.specification.version=1.8, sun.java.command=C:\Users\MGONCE~1\AppData\Local\Temp\surefire1717280452785269094\surefirebooter4342223903895336613.jar C:\Users\mgoncerzewicz\AppData\Local\Temp\surefire1717280452785269094 2019-12-11T12-32-39_051-jvmRun1 surefire7277205672636924235tmp surefire_0722841533507422108tmp, java.home=C:\Program Files\Java\jdk1.8.0_211\jre, sun.arch.data.model=64, user.language=pl, java.specification.vendor=Oracle Corporation, awt.toolkit=sun.awt.windows.WToolkit, java.vm.info=mixed mode, java.version=1.8.0_211, java.ext.dirs=C:\Program Files\Java\jdk1.8.0_211\jre\lib\ext;C:\WINDOWS\Sun\Java\lib\ext, sun.boot.class.path=C:\Program Files\Java\jdk1.8.0_211\jre\lib\resources.jar;C:\Program Files\Java\jdk1.8.0_211\jre\lib\rt.jar;C:\Program Files\Java\jdk1.8.0_211\jre\lib\sunrsasign.jar;C:\Program Files\Java\jdk1.8.0_211\jre\lib\jsse.jar;C:\Program Files\Java\jdk1.8.0_211\jre\lib\jce.jar;C:\Program Files\Java\jdk1.8.0_211\jre\lib\charsets.jar;C:\Program Files\Java\jdk1.8.0_211\jre\lib\jfr.jar;C:\Program Files\Java\jdk1.8.0_211\jre\classes, java.vendor=Oracle Corporation, localRepository=C:\Users\mgoncerzewicz\.m2\repository, file.separator=\, java.vendor.url.bug=http://bugreport.sun.com/bugreport/, sun.io.unicode.encoding=UnicodeLittle, sun.cpu.endian=little, sun.desktop=windows, sun.cpu.isalist=amd64}}, SystemEnvironmentPropertySource@1051876890 {name='systemEnvironment', properties={PATH=C:\Program Files\JetBrains\IntelliJ IDEA 2019.1.3\jbr\\bin;C:\Program Files\JetBrains\IntelliJ IDEA 2019.1.3\jbr\\bin\server;C:\Program Files (x86)\Common Files\Oracle\Java\javapath;C:\Program Files (x86)\Intel\Intel(R) Management Engine Components\iCLS\;C:\Program Files\Intel\Intel(R) Management Engine Components\iCLS\;C:\WINDOWS\system32;C:\WINDOWS;C:\WINDOWS\System32\Wbem;C:\WINDOWS\System32\WindowsPowerShell\v1.0\;C:\WINDOWS\System32\OpenSSH\;C:\Program Files (x86)\Intel\Intel(R) Management Engine Components\DAL;C:\Program Files\Intel\Intel(R) Management Engine Components\DAL;C:\Program Files (x86)\Intel\Intel(R) Management Engine Components\IPT;C:\Program Files\Intel\Intel(R) Management Engine Components\IPT;C:\Program Files\PuTTY\;C:\Program Files\nodejs\;C:\glassfish5\bin;C:\glassfish5\glassfish\bin;C:\Gradle\gradle-4.5.1\bin;C:\Program Files (x86)\Yarn\bin\;C:\Program Files\Amazon\AWSSAMCLI\bin\;C:\Program Files\Git\cmd;C:\Program Files\MiKTeX 2.9\miktex\bin\x64\;C:\Users\mgoncerzewicz\AppData\Local\Programs\Python\Python37-32\Scripts\;C:\Users\mgoncerzewicz\AppData\Local\Programs\Python\Python37-32\;C:\Users\mgoncerzewicz\AppData\Local\Microsoft\WindowsApps;C:\Program Files\JetBrains\PyCharm 2019.1.1\bin;C:\Users\mgoncerzewicz\AppData\Local\atom\bin;C:\Users\mgoncerzewicz\AppData\Roaming\npm;C:\apache-maven-3.6.1\bin;C:\Program Files\JetBrains\IntelliJ IDEA 2019.1.3\bin;C:\Users\mgoncerzewicz\AppData\Local\Yarn\bin;C:\Users\mgoncerzewicz\AppData\Local\GitHubDesktop\bin;;C:\Program Files\JetBrains\PyCharm 2019.2.1\bin;;C:\Program Files\Docker Toolbox;C:\Users\mgoncerzewicz\AppData\Local\Microsoft\WindowsApps;C:\texlive\2019\bin\win32, USERDOMAIN_ROAMINGPROFILE=SOFTMAKS, NO_PROXY=192.168.99.101,192.168.99.100, PROCESSOR_LEVEL=6, SYSTEMDRIVE=C:, SESSIONNAME=Console, ALLUSERSPROFILE=C:\ProgramData, PROCESSOR_ARCHITECTURE=AMD64, DRIVERDATA=C:\Windows\System32\Drivers\DriverData, __INTELLIJ_COMMAND_HISTFILE__=C:\Users\mgoncerzewicz\.IntelliJIdea2019.2\config\terminal\history\history-5, JRE_HOME=C:\Program Files\Java\jre1.8.0_211, MAVEN_HOME=C:\apache-maven-3.6.1\bin\.., PROGRAMFILES=C:\Program Files, PSMODULEPATH=C:\Program Files\WindowsPowerShell\Modules;C:\WINDOWS\system32\WindowsPowerShell\v1.0\Modules;C:\Program Files\Intel\Wired Networking\, PROGRAMDATA=C:\ProgramData, USERNAME=MGoncerzewicz, USERDNSDOMAIN=SOFTMAKS.LOCAL, WDIR=C:\, FPS_BROWSER_USER_PROFILE_STRING=Default, ONEDRIVE=C:\Users\mgoncerzewicz\OneDrive, PATHEXT=.COM;.EXE;.BAT;.CMD;.VBS;.VBE;.JS;.JSE;.WSF;.WSH;.MSC, COMPOSE_CONVERT_WINDOWS_PATHS=true, CLASSWORLDS_JAR="C:\apache-maven-3.6.1\bin\..\boot\plexus-classworlds-2.6.0.jar", WINDIR=C:\WINDOWS, HOMEPATH=\Users\mgoncerzewicz, ESET_OPTIONS=                                                                                                                                                                                                                                                                                                                                                                                                                                                                                                                               , PROCESSOR_IDENTIFIER=Intel64 Family 6 Model 158 Stepping 10, GenuineIntel, PUBLIC=C:\Users\Public, =::=::\, =EXITCODE=00000001, OPENSSL_CONF=C:\Program Files\PostgreSQL\psqlODBC\etc\openssl.cnf, LOCALAPPDATA=C:\Users\mgoncerzewicz\AppData\Local, COMMONPROGRAMFILES(X86)=C:\Program Files (x86)\Common Files, DOCKER_HOST=tcp://192.168.99.100:2376, USERDOMAIN=SOFTMAKS, FPS_BROWSER_APP_PROFILE_STRING=Internet Explorer, LOGONSERVER=\\SMADCSC, JAVA_HOME=C:\Program Files\Java\jdk1.8.0_211, PROMPT=$P$G, PROGRAMFILES(X86)=C:\Program Files (x86), HTTP_PROXY=http://proxy.softmaks.local:8080, ERROR_CODE=0, EXEC_DIR=C:\Users\mgoncerzewicz\Documents\GitHub\M220J\mflix, INTELLIJ IDEA=C:\Program Files\JetBrains\IntelliJ IDEA 2019.1.3\bin;, =C:=C:\Users\mgoncerzewicz\Documents\GitHub\M220J\mflix, APPDATA=C:\Users\mgoncerzewicz\AppData\Roaming, DOCKER_MACHINE_NAME=default, DOCKER_CERT_PATH=C:\Users\mgoncerzewicz\.docker\machine\machines\default, HTTPS_PROXY=http://proxy.softmaks.local:8080, PROGRAMW6432=C:\Program Files, SYSTEMROOT=C:\WINDOWS, MAVEN_CMD_LINE_ARGS=test -Dtest=ProjectionTest, VBOX_MSI_INSTALL_PATH=C:\Program Files\Oracle\VirtualBox\, OS=Windows_NT, COMMONPROGRAMW6432=C:\Program Files\Common Files, COMPUTERNAME=WST001, COMMONPROGRAMFILES=C:\Program Files\Common Files, COMSPEC=C:\WINDOWS\system32\cmd.exe, JAVACMD=C:\Program Files\Java\jdk1.8.0_211\bin\java.exe, MAVEN_PROJECTBASEDIR=C:\Users\mgoncerzewicz\Documents\GitHub\M220J\mflix, PROCESSOR_REVISION=9e0a, PYCHARM=C:\Program Files\JetBrains\PyCharm 2019.2.1\bin;, CLASSWORLDS_LAUNCHER=org.codehaus.plexus.classworlds.launcher.Launcher, TERMINAL_EMULATOR=JetBrains-JediTerm, DOCKER_TLS_VERIFY=1, TEMP=C:\Users\MGONCE~1\AppData\Local\Temp, HOMEDRIVE=C:, USERPROFILE=C:\Users\mgoncerzewicz, TMP=C:\Users\MGONCE~1\AppData\Local\Temp, NUMBER_OF_PROCESSORS=12, JVMCONFIG=\.mvn\jvm.config, DOCKER_TOOLBOX_INSTALL_PATH=C:\Program Files\Docker Toolbox}}]
12:32:40.314 [main] DEBUG org.springframework.test.context.support.TestPropertySourceUtils - Adding inlined properties to environment: {spring.jmx.enabled=false, org.springframework.boot.test.context.SpringBootTestContextBootstrapper=true, server.port=-1}
12:32:40.314 [main] DEBUG org.springframework.core.env.StandardEnvironment - Adding PropertySource 'Inlined Test Properties' with highest search precedence

  .   ____          _            __ _ _
 /\\ / ___'_ __ _ _(_)_ __  __ _ \ \ \ \
( ( )\___ | '_ | '_| | '_ \/ _` | \ \ \ \
 \\/  ___)| |_)| | | | | || (_| |  ) ) ) )
  '  |____| .__|_| |_|_| |_\__, | / / / /
 =========|_|==============|___/=/_/_/_/
 :: Spring Boot ::        (v2.0.4.RELEASE)

2019-12-11 12:32:40.625  INFO 17076 --- [           main] mflix.api.daos.ProjectionTest            : Starting ProjectionTest on WST001 with PID 17076 (started by MGoncerzewicz in C:\Users\mgoncerzewicz\Documents\GitHub\M220J\mflix)
2019-12-11 12:32:40.626  INFO 17076 --- [           main] mflix.api.daos.ProjectionTest            : No active profile set, falling back to default profiles: default
2019-12-11 12:32:40.655  INFO 17076 --- [           main] o.s.w.c.s.GenericWebApplicationContext   : Refreshing org.springframework.web.context.support.GenericWebApplicationContext@3e27ba32: startup date [Wed Dec 11 12:32:40 CET 2019]; root of context hierarchy
2019-12-11 12:32:42.484  INFO 17076 --- [           main] org.mongodb.driver.cluster               : Cluster created with settings {hosts=[cluster0-shard-00-00-scezc.mongodb.net:27017, cluster0-shard-00-01-scezc.mongodb.net:27017, cluster0-shard-00-02-scezc.mongodb.net:27017], mode=MULTIPLE, requiredClusterType=REPLICA_SET, serverSelectionTimeout='30000 ms', maxWaitQueueSize=500, requiredReplicaSetName='Cluster0-shard-0'}
2019-12-11 12:32:42.484  INFO 17076 --- [           main] org.mongodb.driver.cluster               : Adding discovered server cluster0-shard-00-00-scezc.mongodb.net:27017 to client view of cluster
2019-12-11 12:32:42.517  INFO 17076 --- [           main] org.mongodb.driver.cluster               : Adding discovered server cluster0-shard-00-01-scezc.mongodb.net:27017 to client view of cluster
2019-12-11 12:32:42.519  INFO 17076 --- [           main] org.mongodb.driver.cluster               : Adding discovered server cluster0-shard-00-02-scezc.mongodb.net:27017 to client view of cluster
2019-12-11 12:32:42.874  INFO 17076 --- [           main] o.s.w.s.handler.SimpleUrlHandlerMapping  : Mapped URL path [/**/favicon.ico] onto handler of type [class org.springframework.web.servlet.resource.ResourceHttpRequestHandler]
2019-12-11 12:32:43.145  INFO 17076 --- [           main] s.w.s.m.m.a.RequestMappingHandlerAdapter : Looking for @ControllerAdvice: org.springframework.web.context.support.GenericWebApplicationContext@3e27ba32: startup date [Wed Dec 11 12:32:40 CET 2019]; root of context hierarchy
2019-12-11 12:32:43.229  INFO 17076 --- [           main] s.w.s.m.m.a.RequestMappingHandlerMapping : Mapped "{[/error]}" onto public org.springframework.http.ResponseEntity<java.util.Map<java.lang.String, java.lang.Object>> org.springframework.boot.autoconfigure.web.servlet.error.BasicErrorController.error(javax.servlet.http.HttpServletRequest)
2019-12-11 12:32:43.231  INFO 17076 --- [           main] s.w.s.m.m.a.RequestMappingHandlerMapping : Mapped "{[/error],produces=[text/html]}" onto public org.springframework.web.servlet.ModelAndView org.springframework.boot.autoconfigure.web.servlet.error.BasicErrorController.errorHtml(javax.servlet.http.HttpServletRequest,javax.servlet.http.HttpServletResponse)
2019-12-11 12:32:43.266  INFO 17076 --- [           main] o.s.w.s.handler.SimpleUrlHandlerMapping  : Mapped URL path [/webjars/**] onto handler of type [class org.springframework.web.servlet.resource.ResourceHttpRequestHandler]
2019-12-11 12:32:43.266  INFO 17076 --- [           main] o.s.w.s.handler.SimpleUrlHandlerMapping  : Mapped URL path [/**] onto handler of type [class org.springframework.web.servlet.resource.ResourceHttpRequestHandler]
2019-12-11 12:32:43.320  INFO 17076 --- [           main] o.s.b.a.w.s.WelcomePageHandlerMapping    : Adding welcome page: class path resource [build/index.html]
2019-12-11 12:32:43.501  INFO 17076 --- [ngodb.net:27017] org.mongodb.driver.connection            : Opened connection [connectionId{localValue:2, serverValue:167986}] to cluster0-shard-00-02-scezc.mongodb.net:27017
2019-12-11 12:32:43.501  INFO 17076 --- [ngodb.net:27017] org.mongodb.driver.connection            : Opened connection [connectionId{localValue:1, serverValue:736336}] to cluster0-shard-00-00-scezc.mongodb.net:27017
2019-12-11 12:32:43.502  INFO 17076 --- [ngodb.net:27017] org.mongodb.driver.connection            : Opened connection [connectionId{localValue:3, serverValue:171010}] to cluster0-shard-00-01-scezc.mongodb.net:27017
2019-12-11 12:32:43.528  INFO 17076 --- [           main] .s.s.UserDetailsServiceAutoConfiguration : 

Using generated security password: 5e439a84-3d94-4a43-8ffd-c4350b5df8a0

2019-12-11 12:32:43.553  INFO 17076 --- [ngodb.net:27017] org.mongodb.driver.cluster               : Monitor thread successfully connected to server with description ServerDescription{address=cluster0-shard-00-02-scezc.mongodb.net:27017, type=REPLICA_SET_SECONDARY, state=CONNECTED, ok=true, version=ServerVersion{versionList=[4, 0, 13]}, minWireVersion=0, maxWireVersion=7, maxDocumentSize=16777216, logicalSessionTimeoutMinutes=30, roundTripTimeNanos=49201899, setName='Cluster0-shard-0', canonicalAddress=cluster0-shard-00-02-scezc.mongodb.net:27017, hosts=[cluster0-shard-00-02-scezc.mongodb.net:27017, cluster0-shard-00-01-scezc.mongodb.net:27017, cluster0-shard-00-00-scezc.mongodb.net:27017], passives=[], arbiters=[], primary='cluster0-shard-00-00-scezc.mongodb.net:27017', tagSet=TagSet{[Tag{name='region', value='EU_WEST_1'}, Tag{name='provider', value='AWS'}, Tag{name='nodeType', value='ELECTABLE'}]}, electionId=null, setVersion=1, lastWriteDate=Wed Dec 11 12:33:08 CET 2019, lastUpdateTimeNanos=1051037689531000}
2019-12-11 12:32:43.553  INFO 17076 --- [ngodb.net:27017] org.mongodb.driver.cluster               : Monitor thread successfully connected to server with description ServerDescription{address=cluster0-shard-00-01-scezc.mongodb.net:27017, type=REPLICA_SET_SECONDARY, state=CONNECTED, ok=true, version=ServerVersion{versionList=[4, 0, 13]}, minWireVersion=0, maxWireVersion=7, maxDocumentSize=16777216, logicalSessionTimeoutMinutes=30, roundTripTimeNanos=50487899, setName='Cluster0-shard-0', canonicalAddress=cluster0-shard-00-01-scezc.mongodb.net:27017, hosts=[cluster0-shard-00-02-scezc.mongodb.net:27017, cluster0-shard-00-01-scezc.mongodb.net:27017, cluster0-shard-00-00-scezc.mongodb.net:27017], passives=[], arbiters=[], primary='cluster0-shard-00-00-scezc.mongodb.net:27017', tagSet=TagSet{[Tag{name='region', value='EU_WEST_1'}, Tag{name='provider', value='AWS'}, Tag{name='nodeType', value='ELECTABLE'}]}, electionId=null, setVersion=1, lastWriteDate=Wed Dec 11 12:33:08 CET 2019, lastUpdateTimeNanos=1051037690611700}
2019-12-11 12:32:43.553  INFO 17076 --- [ngodb.net:27017] org.mongodb.driver.cluster               : Monitor thread successfully connected to server with description ServerDescription{address=cluster0-shard-00-00-scezc.mongodb.net:27017, type=REPLICA_SET_PRIMARY, state=CONNECTED, ok=true, version=ServerVersion{versionList=[4, 0, 13]}, minWireVersion=0, maxWireVersion=7, maxDocumentSize=16777216, logicalSessionTimeoutMinutes=30, roundTripTimeNanos=50728499, setName='Cluster0-shard-0', canonicalAddress=cluster0-shard-00-00-scezc.mongodb.net:27017, hosts=[cluster0-shard-00-02-scezc.mongodb.net:27017, cluster0-shard-00-01-scezc.mongodb.net:27017, cluster0-shard-00-00-scezc.mongodb.net:27017], passives=[], arbiters=[], primary='cluster0-shard-00-00-scezc.mongodb.net:27017', tagSet=TagSet{[Tag{name='region', value='EU_WEST_1'}, Tag{name='provider', value='AWS'}, Tag{name='nodeType', value='ELECTABLE'}]}, electionId=7fffffff0000000000000001, setVersion=1, lastWriteDate=Wed Dec 11 12:33:08 CET 2019, lastUpdateTimeNanos=1051037690640300}
2019-12-11 12:32:43.555  INFO 17076 --- [ngodb.net:27017] org.mongodb.driver.cluster               : Setting max election id to 7fffffff0000000000000001 from replica set primary cluster0-shard-00-00-scezc.mongodb.net:27017
2019-12-11 12:32:43.555  INFO 17076 --- [ngodb.net:27017] org.mongodb.driver.cluster               : Setting max set version to 1 from replica set primary cluster0-shard-00-00-scezc.mongodb.net:27017
2019-12-11 12:32:43.555  INFO 17076 --- [ngodb.net:27017] org.mongodb.driver.cluster               : Discovered replica set primary cluster0-shard-00-00-scezc.mongodb.net:27017
2019-12-11 12:32:43.703  INFO 17076 --- [           main] o.s.s.web.DefaultSecurityFilterChain     : Creating filter chain: org.springframework.security.web.util.matcher.AnyRequestMatcher@1, [org.springframework.security.web.context.request.async.WebAsyncManagerIntegrationFilter@32f0c7f8, org.springframework.security.web.context.SecurityContextPersistenceFilter@64b7225f, org.springframework.security.web.header.HeaderWriterFilter@2875b016, org.springframework.security.web.csrf.CsrfFilter@7e94d093, org.springframework.security.web.authentication.logout.LogoutFilter@7c84195, org.springframework.security.web.authentication.UsernamePasswordAuthenticationFilter@108d55c4, org.springframework.security.web.authentication.ui.DefaultLoginPageGeneratingFilter@2216effc, org.springframework.security.web.authentication.www.BasicAuthenticationFilter@69fa8e76, org.springframework.security.web.savedrequest.RequestCacheAwareFilter@7f92b990, org.springframework.security.web.servletapi.SecurityContextHolderAwareRequestFilter@6be7bf6d, org.springframework.security.web.authentication.AnonymousAuthenticationFilter@504e1599, org.springframework.security.web.session.SessionManagementFilter@68c7ef83, org.springframework.security.web.access.ExceptionTranslationFilter@1a480135, org.springframework.security.web.access.intercept.FilterSecurityInterceptor@629adce]
2019-12-11 12:32:43.807  INFO 17076 --- [           main] mflix.api.daos.ProjectionTest            : Started ProjectionTest in 3.486 seconds (JVM running for 4.139)
2019-12-11 12:32:44.432  INFO 17076 --- [           main] org.mongodb.driver.connection            : Opened connection [connectionId{localValue:4, serverValue:736336}] to cluster0-shard-00-00-scezc.mongodb.net:27017
]]></system-out>
  </testcase>
  <testcase name="testFindMoviesByCountry" classname="mflix.api.daos.ProjectionTest" time="0.003">
    <error message="Can&apos;t find a codec for class [Ljava.lang.String;." type="org.bson.codecs.configuration.CodecConfigurationException">org.bson.codecs.configuration.CodecConfigurationException: Can't find a codec for class [Ljava.lang.String;.
	at mflix.api.daos.ProjectionTest.testFindMoviesByCountry(ProjectionTest.java:38)
</error>
  </testcase>
</testsuite>