<?xml version="1.0" encoding="UTF-8"?>
<testsuite xmlns:xsi="http://www.w3.org/2001/XMLSchema-instance" xsi:noNamespaceSchemaLocation="https://maven.apache.org/surefire/maven-surefire-plugin/xsd/surefire-test-report.xsd" name="mflix.api.daos.TimeoutsTest" time="3.406" tests="2" errors="2" skipped="0" failures="0">
  <properties>
[...]
</properties>
  <testcase name="testConfiguredConnectionTimeoutMs" classname="mflix.api.daos.TimeoutsTest" time="0.042">
    <error type="java.lang.NullPointerException">java.lang.NullPointerException
	at mflix.api.daos.TimeoutsTest.testConfiguredConnectionTimeoutMs(TimeoutsTest.java:58)
</error>
    <system-out><![CDATA[2019-12-11 22:40:36.605  INFO 7784 --- [           main] .b.t.c.SpringBootTestContextBootstrapper : Neither @ContextConfiguration nor @ContextHierarchy found for test class [mflix.api.daos.TimeoutsTest], using SpringBootContextLoader
2019-12-11 22:40:36.607  INFO 7784 --- [           main] o.s.t.c.support.AbstractContextLoader    : Could not detect default resource locations for test class [mflix.api.daos.TimeoutsTest]: no resource found for suffixes {-context.xml, Context.groovy}.
2019-12-11 22:40:36.613  INFO 7784 --- [           main] .b.t.c.SpringBootTestContextBootstrapper : Loaded default TestExecutionListener class names from location [META-INF/spring.factories]: [org.springframework.boot.test.mock.mockito.MockitoTestExecutionListener, org.springframework.boot.test.mock.mockito.ResetMocksTestExecutionListener, org.springframework.boot.test.autoconfigure.restdocs.RestDocsTestExecutionListener, org.springframework.boot.test.autoconfigure.web.client.MockRestServiceServerResetTestExecutionListener, org.springframework.boot.test.autoconfigure.web.servlet.MockMvcPrintOnlyOnFailureTestExecutionListener, org.springframework.boot.test.autoconfigure.web.servlet.WebDriverTestExecutionListener, org.springframework.test.context.web.ServletTestExecutionListener, org.springframework.test.context.support.DirtiesContextBeforeModesTestExecutionListener, org.springframework.test.context.support.DependencyInjectionTestExecutionListener, org.springframework.test.context.support.DirtiesContextTestExecutionListener, org.springframework.test.context.transaction.TransactionalTestExecutionListener, org.springframework.test.context.jdbc.SqlScriptsTestExecutionListener]
2019-12-11 22:40:36.615  INFO 7784 --- [           main] .b.t.c.SpringBootTestContextBootstrapper : Using TestExecutionListeners: [org.springframework.test.context.web.ServletTestExecutionListener@4001d8c1, org.springframework.test.context.support.DirtiesContextBeforeModesTestExecutionListener@fb5aeed, org.springframework.boot.test.mock.mockito.MockitoTestExecutionListener@73893ec1, org.springframework.boot.test.autoconfigure.SpringBootDependencyInjectionTestExecutionListener@37af24cb, org.springframework.test.context.support.DirtiesContextTestExecutionListener@7926352f, org.springframework.boot.test.mock.mockito.ResetMocksTestExecutionListener@5bc63e20, org.springframework.boot.test.autoconfigure.restdocs.RestDocsTestExecutionListener@61037caf, org.springframework.boot.test.autoconfigure.web.client.MockRestServiceServerResetTestExecutionListener@2fc49538, org.springframework.boot.test.autoconfigure.web.servlet.MockMvcPrintOnlyOnFailureTestExecutionListener@670342a2, org.springframework.boot.test.autoconfigure.web.servlet.WebDriverTestExecutionListener@d5e575c]

  .   ____          _            __ _ _
 /\\ / ___'_ __ _ _(_)_ __  __ _ \ \ \ \
( ( )\___ | '_ | '_| | '_ \/ _` | \ \ \ \
 \\/  ___)| |_)| | | | | || (_| |  ) ) ) )
  '  |____| .__|_| |_|_| |_\__, | / / / /
 =========|_|==============|___/=/_/_/_/
 :: Spring Boot ::        (v2.0.4.RELEASE)

2019-12-11 22:40:36.667  INFO 7784 --- [           main] mflix.api.daos.TimeoutsTest              : Starting TimeoutsTest on dragarth with PID 7784 (started by Marcin in C:\Users\Marcin\Documents\GitHub\M220J\mflix)
2019-12-11 22:40:36.667  INFO 7784 --- [           main] mflix.api.daos.TimeoutsTest              : No active profile set, falling back to default profiles: default
2019-12-11 22:40:36.688  INFO 7784 --- [           main] o.s.w.c.s.GenericWebApplicationContext   : Refreshing org.springframework.web.context.support.GenericWebApplicationContext@13213f26: startup date [Wed Dec 11 22:40:36 CET 2019]; root of context hierarchy
2019-12-11 22:40:37.446  INFO 7784 --- [           main] org.mongodb.driver.cluster               : Cluster created with settings {hosts=[cluster0-shard-00-00-scezc.mongodb.net:27017, cluster0-shard-00-01-scezc.mongodb.net:27017, cluster0-shard-00-02-scezc.mongodb.net:27017], mode=MULTIPLE, requiredClusterType=REPLICA_SET, serverSelectionTimeout='30000 ms', maxWaitQueueSize=500, requiredReplicaSetName='Cluster0-shard-0'}
2019-12-11 22:40:37.446  INFO 7784 --- [           main] org.mongodb.driver.cluster               : Adding discovered server cluster0-shard-00-00-scezc.mongodb.net:27017 to client view of cluster
2019-12-11 22:40:37.447  INFO 7784 --- [           main] org.mongodb.driver.cluster               : Adding discovered server cluster0-shard-00-01-scezc.mongodb.net:27017 to client view of cluster
2019-12-11 22:40:37.448  INFO 7784 --- [           main] org.mongodb.driver.cluster               : Adding discovered server cluster0-shard-00-02-scezc.mongodb.net:27017 to client view of cluster
2019-12-11 22:40:37.906  INFO 7784 --- [           main] o.s.w.s.handler.SimpleUrlHandlerMapping  : Mapped URL path [/**/favicon.ico] onto handler of type [class org.springframework.web.servlet.resource.ResourceHttpRequestHandler]
2019-12-11 22:40:37.971  INFO 7784 --- [ngodb.net:27017] org.mongodb.driver.connection            : Opened connection [connectionId{localValue:21, serverValue:830796}] to cluster0-shard-00-00-scezc.mongodb.net:27017
2019-12-11 22:40:37.972  INFO 7784 --- [ngodb.net:27017] org.mongodb.driver.connection            : Opened connection [connectionId{localValue:23, serverValue:178704}] to cluster0-shard-00-02-scezc.mongodb.net:27017
2019-12-11 22:40:37.973  INFO 7784 --- [ngodb.net:27017] org.mongodb.driver.connection            : Opened connection [connectionId{localValue:22, serverValue:176159}] to cluster0-shard-00-01-scezc.mongodb.net:27017
2019-12-11 22:40:38.066  INFO 7784 --- [ngodb.net:27017] org.mongodb.driver.cluster               : Monitor thread successfully connected to server with description ServerDescription{address=cluster0-shard-00-00-scezc.mongodb.net:27017, type=REPLICA_SET_PRIMARY, state=CONNECTED, ok=true, version=ServerVersion{versionList=[4, 0, 13]}, minWireVersion=0, maxWireVersion=7, maxDocumentSize=16777216, logicalSessionTimeoutMinutes=30, roundTripTimeNanos=91687900, setName='Cluster0-shard-0', canonicalAddress=cluster0-shard-00-00-scezc.mongodb.net:27017, hosts=[cluster0-shard-00-02-scezc.mongodb.net:27017, cluster0-shard-00-01-scezc.mongodb.net:27017, cluster0-shard-00-00-scezc.mongodb.net:27017], passives=[], arbiters=[], primary='cluster0-shard-00-00-scezc.mongodb.net:27017', tagSet=TagSet{[Tag{name='region', value='EU_WEST_1'}, Tag{name='provider', value='AWS'}, Tag{name='nodeType', value='ELECTABLE'}]}, electionId=7fffffff0000000000000001, setVersion=1, lastWriteDate=Wed Dec 11 22:40:34 CET 2019, lastUpdateTimeNanos=4130525697700}
2019-12-11 22:40:38.092  INFO 7784 --- [ngodb.net:27017] org.mongodb.driver.cluster               : Monitor thread successfully connected to server with description ServerDescription{address=cluster0-shard-00-02-scezc.mongodb.net:27017, type=REPLICA_SET_SECONDARY, state=CONNECTED, ok=true, version=ServerVersion{versionList=[4, 0, 13]}, minWireVersion=0, maxWireVersion=7, maxDocumentSize=16777216, logicalSessionTimeoutMinutes=30, roundTripTimeNanos=119684999, setName='Cluster0-shard-0', canonicalAddress=cluster0-shard-00-02-scezc.mongodb.net:27017, hosts=[cluster0-shard-00-02-scezc.mongodb.net:27017, cluster0-shard-00-01-scezc.mongodb.net:27017, cluster0-shard-00-00-scezc.mongodb.net:27017], passives=[], arbiters=[], primary='cluster0-shard-00-00-scezc.mongodb.net:27017', tagSet=TagSet{[Tag{name='region', value='EU_WEST_1'}, Tag{name='provider', value='AWS'}, Tag{name='nodeType', value='ELECTABLE'}]}, electionId=null, setVersion=1, lastWriteDate=Wed Dec 11 22:40:34 CET 2019, lastUpdateTimeNanos=4130554793900}
2019-12-11 22:40:38.096  INFO 7784 --- [ngodb.net:27017] org.mongodb.driver.cluster               : Monitor thread successfully connected to server with description ServerDescription{address=cluster0-shard-00-01-scezc.mongodb.net:27017, type=REPLICA_SET_SECONDARY, state=CONNECTED, ok=true, version=ServerVersion{versionList=[4, 0, 13]}, minWireVersion=0, maxWireVersion=7, maxDocumentSize=16777216, logicalSessionTimeoutMinutes=30, roundTripTimeNanos=122374301, setName='Cluster0-shard-0', canonicalAddress=cluster0-shard-00-01-scezc.mongodb.net:27017, hosts=[cluster0-shard-00-02-scezc.mongodb.net:27017, cluster0-shard-00-01-scezc.mongodb.net:27017, cluster0-shard-00-00-scezc.mongodb.net:27017], passives=[], arbiters=[], primary='cluster0-shard-00-00-scezc.mongodb.net:27017', tagSet=TagSet{[Tag{name='region', value='EU_WEST_1'}, Tag{name='provider', value='AWS'}, Tag{name='nodeType', value='ELECTABLE'}]}, electionId=null, setVersion=1, lastWriteDate=Wed Dec 11 22:40:34 CET 2019, lastUpdateTimeNanos=4130558820999}
2019-12-11 22:40:38.098  INFO 7784 --- [ngodb.net:27017] org.mongodb.driver.cluster               : Setting max election id to 7fffffff0000000000000001 from replica set primary cluster0-shard-00-00-scezc.mongodb.net:27017
2019-12-11 22:40:38.099  INFO 7784 --- [ngodb.net:27017] org.mongodb.driver.cluster               : Setting max set version to 1 from replica set primary cluster0-shard-00-00-scezc.mongodb.net:27017
2019-12-11 22:40:38.099  INFO 7784 --- [ngodb.net:27017] org.mongodb.driver.cluster               : Discovered replica set primary cluster0-shard-00-00-scezc.mongodb.net:27017
2019-12-11 22:40:38.645  INFO 7784 --- [           main] s.w.s.m.m.a.RequestMappingHandlerAdapter : Looking for @ControllerAdvice: org.springframework.web.context.support.GenericWebApplicationContext@13213f26: startup date [Wed Dec 11 22:40:36 CET 2019]; root of context hierarchy
2019-12-11 22:40:38.704  INFO 7784 --- [           main] s.w.s.m.m.a.RequestMappingHandlerMapping : Mapped "{[/error]}" onto public org.springframework.http.ResponseEntity<java.util.Map<java.lang.String, java.lang.Object>> org.springframework.boot.autoconfigure.web.servlet.error.BasicErrorController.error(javax.servlet.http.HttpServletRequest)
2019-12-11 22:40:38.745  INFO 7784 --- [           main] s.w.s.m.m.a.RequestMappingHandlerMapping : Mapped "{[/error],produces=[text/html]}" onto public org.springframework.web.servlet.ModelAndView org.springframework.boot.autoconfigure.web.servlet.error.BasicErrorController.errorHtml(javax.servlet.http.HttpServletRequest,javax.servlet.http.HttpServletResponse)
2019-12-11 22:40:38.859  INFO 7784 --- [           main] o.s.w.s.handler.SimpleUrlHandlerMapping  : Mapped URL path [/webjars/**] onto handler of type [class org.springframework.web.servlet.resource.ResourceHttpRequestHandler]
2019-12-11 22:40:38.878  INFO 7784 --- [           main] o.s.w.s.handler.SimpleUrlHandlerMapping  : Mapped URL path [/**] onto handler of type [class org.springframework.web.servlet.resource.ResourceHttpRequestHandler]
2019-12-11 22:40:38.987  INFO 7784 --- [           main] o.s.b.a.w.s.WelcomePageHandlerMapping    : Adding welcome page: class path resource [build/index.html]
2019-12-11 22:40:39.385  INFO 7784 --- [           main] .s.s.UserDetailsServiceAutoConfiguration : 

Using generated security password: 10a28f76-3881-4288-bb81-b67f869b77e8

2019-12-11 22:40:39.672  INFO 7784 --- [           main] o.s.s.web.DefaultSecurityFilterChain     : Creating filter chain: org.springframework.security.web.util.matcher.AnyRequestMatcher@1, [org.springframework.security.web.context.request.async.WebAsyncManagerIntegrationFilter@2ee4706d, org.springframework.security.web.context.SecurityContextPersistenceFilter@7b8ea1db, org.springframework.security.web.header.HeaderWriterFilter@4fb64a52, org.springframework.security.web.csrf.CsrfFilter@3cb6e0ee, org.springframework.security.web.authentication.logout.LogoutFilter@2d130ac4, org.springframework.security.web.authentication.UsernamePasswordAuthenticationFilter@29c53c4f, org.springframework.security.web.authentication.ui.DefaultLoginPageGeneratingFilter@231df705, org.springframework.security.web.authentication.www.BasicAuthenticationFilter@3009eed7, org.springframework.security.web.savedrequest.RequestCacheAwareFilter@a91119b, org.springframework.security.web.servletapi.SecurityContextHolderAwareRequestFilter@77083e41, org.springframework.security.web.authentication.AnonymousAuthenticationFilter@6650a6c, org.springframework.security.web.session.SessionManagementFilter@70b48eb3, org.springframework.security.web.access.ExceptionTranslationFilter@7b6141f0, org.springframework.security.web.access.intercept.FilterSecurityInterceptor@60591e1b]
2019-12-11 22:40:39.924  INFO 7784 --- [           main] mflix.api.daos.TimeoutsTest              : Started TimeoutsTest in 3.305 seconds (JVM running for 62.462)
2019-12-11 22:40:39.946  INFO 7784 --- [           main] org.mongodb.driver.cluster               : Cluster created with settings {hosts=[cluster0-shard-00-00-scezc.mongodb.net:27017, cluster0-shard-00-01-scezc.mongodb.net:27017, cluster0-shard-00-02-scezc.mongodb.net:27017], mode=MULTIPLE, requiredClusterType=REPLICA_SET, serverSelectionTimeout='30000 ms', maxWaitQueueSize=500, requiredReplicaSetName='Cluster0-shard-0'}
2019-12-11 22:40:39.946  INFO 7784 --- [           main] org.mongodb.driver.cluster               : Adding discovered server cluster0-shard-00-00-scezc.mongodb.net:27017 to client view of cluster
2019-12-11 22:40:39.947  INFO 7784 --- [           main] org.mongodb.driver.cluster               : Adding discovered server cluster0-shard-00-01-scezc.mongodb.net:27017 to client view of cluster
2019-12-11 22:40:39.947  INFO 7784 --- [           main] org.mongodb.driver.cluster               : Adding discovered server cluster0-shard-00-02-scezc.mongodb.net:27017 to client view of cluster
]]></system-out>
  </testcase>
  <testcase name="testConfiguredWtimeout" classname="mflix.api.daos.TimeoutsTest" time="0.051">
    <error type="java.lang.NullPointerException">java.lang.NullPointerException
	at mflix.api.daos.TimeoutsTest.testConfiguredWtimeout(TimeoutsTest.java:49)
</error>
    <system-out><![CDATA[2019-12-11 22:40:39.985  INFO 7784 --- [           main] org.mongodb.driver.cluster               : Cluster created with settings {hosts=[cluster0-shard-00-00-scezc.mongodb.net:27017, cluster0-shard-00-01-scezc.mongodb.net:27017, cluster0-shard-00-02-scezc.mongodb.net:27017], mode=MULTIPLE, requiredClusterType=REPLICA_SET, serverSelectionTimeout='30000 ms', maxWaitQueueSize=500, requiredReplicaSetName='Cluster0-shard-0'}
2019-12-11 22:40:39.985  INFO 7784 --- [           main] org.mongodb.driver.cluster               : Adding discovered server cluster0-shard-00-00-scezc.mongodb.net:27017 to client view of cluster
2019-12-11 22:40:39.986  INFO 7784 --- [           main] org.mongodb.driver.cluster               : Adding discovered server cluster0-shard-00-01-scezc.mongodb.net:27017 to client view of cluster
2019-12-11 22:40:39.988  INFO 7784 --- [           main] org.mongodb.driver.cluster               : Adding discovered server cluster0-shard-00-02-scezc.mongodb.net:27017 to client view of cluster
]]></system-out>
  </testcase>
</testsuite>